<?xml version="1.0" encoding="UTF-8"?>
<testsuite xmlns:xsi="http://www.w3.org/2001/XMLSchema-instance" xsi:noNamespaceSchemaLocation="https://maven.apache.org/surefire/maven-surefire-plugin/xsd/surefire-test-report.xsd" name="Runner.testsRunner" time="0.373" tests="6" errors="0" skipped="6" failures="0">
  <properties>
    <property name="java.specification.version" value="13"/>
    <property name="sun.jnu.encoding" value="UTF-8"/>
    <property name="java.class.path" value="/Users/anastasiya.ohal/APIReqres.inProject/target/test-classes:/Users/anastasiya.ohal/APIReqres.inProject/target/classes:/Users/anastasiya.ohal/.m2/repository/org/seleniumhq/selenium/selenium-java/3.141.59/selenium-java-3.141.59.jar:/Users/anastasiya.ohal/.m2/repository/org/seleniumhq/selenium/selenium-api/3.141.59/selenium-api-3.141.59.jar:/Users/anastasiya.ohal/.m2/repository/org/seleniumhq/selenium/selenium-chrome-driver/3.141.59/selenium-chrome-driver-3.141.59.jar:/Users/anastasiya.ohal/.m2/repository/org/seleniumhq/selenium/selenium-edge-driver/3.141.59/selenium-edge-driver-3.141.59.jar:/Users/anastasiya.ohal/.m2/repository/org/seleniumhq/selenium/selenium-firefox-driver/3.141.59/selenium-firefox-driver-3.141.59.jar:/Users/anastasiya.ohal/.m2/repository/org/seleniumhq/selenium/selenium-ie-driver/3.141.59/selenium-ie-driver-3.141.59.jar:/Users/anastasiya.ohal/.m2/repository/org/seleniumhq/selenium/selenium-opera-driver/3.141.59/selenium-opera-driver-3.141.59.jar:/Users/anastasiya.ohal/.m2/repository/org/seleniumhq/selenium/selenium-remote-driver/3.141.59/selenium-remote-driver-3.141.59.jar:/Users/anastasiya.ohal/.m2/repository/org/seleniumhq/selenium/selenium-safari-driver/3.141.59/selenium-safari-driver-3.141.59.jar:/Users/anastasiya.ohal/.m2/repository/org/seleniumhq/selenium/selenium-support/3.141.59/selenium-support-3.141.59.jar:/Users/anastasiya.ohal/.m2/repository/net/bytebuddy/byte-buddy/1.8.15/byte-buddy-1.8.15.jar:/Users/anastasiya.ohal/.m2/repository/org/apache/commons/commons-exec/1.3/commons-exec-1.3.jar:/Users/anastasiya.ohal/.m2/repository/com/google/guava/guava/25.0-jre/guava-25.0-jre.jar:/Users/anastasiya.ohal/.m2/repository/com/google/code/findbugs/jsr305/1.3.9/jsr305-1.3.9.jar:/Users/anastasiya.ohal/.m2/repository/org/checkerframework/checker-compat-qual/2.0.0/checker-compat-qual-2.0.0.jar:/Users/anastasiya.ohal/.m2/repository/com/google/errorprone/error_prone_annotations/2.1.3/error_prone_annotations-2.1.3.jar:/Users/anastasiya.ohal/.m2/repository/com/google/j2objc/j2objc-annotations/1.1/j2objc-annotations-1.1.jar:/Users/anastasiya.ohal/.m2/repository/org/codehaus/mojo/animal-sniffer-annotations/1.14/animal-sniffer-annotations-1.14.jar:/Users/anastasiya.ohal/.m2/repository/com/squareup/okhttp3/okhttp/3.11.0/okhttp-3.11.0.jar:/Users/anastasiya.ohal/.m2/repository/com/squareup/okio/okio/1.14.0/okio-1.14.0.jar:/Users/anastasiya.ohal/.m2/repository/io/cucumber/cucumber-java/5.4.0/cucumber-java-5.4.0.jar:/Users/anastasiya.ohal/.m2/repository/io/cucumber/cucumber-core/5.4.0/cucumber-core-5.4.0.jar:/Users/anastasiya.ohal/.m2/repository/io/cucumber/cucumber-gherkin/5.4.0/cucumber-gherkin-5.4.0.jar:/Users/anastasiya.ohal/.m2/repository/io/cucumber/cucumber-gherkin-vintage/5.4.0/cucumber-gherkin-vintage-5.4.0.jar:/Users/anastasiya.ohal/.m2/repository/io/cucumber/tag-expressions/2.0.4/tag-expressions-2.0.4.jar:/Users/anastasiya.ohal/.m2/repository/io/cucumber/cucumber-expressions/8.3.1/cucumber-expressions-8.3.1.jar:/Users/anastasiya.ohal/.m2/repository/io/cucumber/datatable/3.3.0/datatable-3.3.0.jar:/Users/anastasiya.ohal/.m2/repository/io/cucumber/cucumber-plugin/5.4.0/cucumber-plugin-5.4.0.jar:/Users/anastasiya.ohal/.m2/repository/io/cucumber/docstring/5.4.0/docstring-5.4.0.jar:/Users/anastasiya.ohal/.m2/repository/org/apiguardian/apiguardian-api/1.1.0/apiguardian-api-1.1.0.jar:/Users/anastasiya.ohal/.m2/repository/io/cucumber/cucumber-junit/5.4.0/cucumber-junit-5.4.0.jar:/Users/anastasiya.ohal/.m2/repository/junit/junit/4.13/junit-4.13.jar:/Users/anastasiya.ohal/.m2/repository/org/hamcrest/hamcrest-core/1.3/hamcrest-core-1.3.jar:/Users/anastasiya.ohal/.m2/repository/io/github/bonigarcia/webdrivermanager/3.8.1/webdrivermanager-3.8.1.jar:/Users/anastasiya.ohal/.m2/repository/org/slf4j/slf4j-api/1.7.25/slf4j-api-1.7.25.jar:/Users/anastasiya.ohal/.m2/repository/commons-io/commons-io/2.6/commons-io-2.6.jar:/Users/anastasiya.ohal/.m2/repository/com/google/code/gson/gson/2.8.5/gson-2.8.5.jar:/Users/anastasiya.ohal/.m2/repository/org/apache/commons/commons-lang3/3.8.1/commons-lang3-3.8.1.jar:/Users/anastasiya.ohal/.m2/repository/org/rauschig/jarchivelib/1.0.0/jarchivelib-1.0.0.jar:/Users/anastasiya.ohal/.m2/repository/org/apache/commons/commons-compress/1.18/commons-compress-1.18.jar:/Users/anastasiya.ohal/.m2/repository/org/jsoup/jsoup/1.11.3/jsoup-1.11.3.jar:/Users/anastasiya.ohal/.m2/repository/org/apache/poi/poi/3.17/poi-3.17.jar:/Users/anastasiya.ohal/.m2/repository/commons-codec/commons-codec/1.10/commons-codec-1.10.jar:/Users/anastasiya.ohal/.m2/repository/org/apache/commons/commons-collections4/4.1/commons-collections4-4.1.jar:/Users/anastasiya.ohal/.m2/repository/org/apache/poi/poi-ooxml/3.17/poi-ooxml-3.17.jar:/Users/anastasiya.ohal/.m2/repository/org/apache/poi/poi-ooxml-schemas/3.17/poi-ooxml-schemas-3.17.jar:/Users/anastasiya.ohal/.m2/repository/org/apache/xmlbeans/xmlbeans/2.6.0/xmlbeans-2.6.0.jar:/Users/anastasiya.ohal/.m2/repository/stax/stax-api/1.0.1/stax-api-1.0.1.jar:/Users/anastasiya.ohal/.m2/repository/com/github/virtuald/curvesapi/1.04/curvesapi-1.04.jar:/Users/anastasiya.ohal/.m2/repository/org/apache/httpcomponents/httpclient/4.5.11/httpclient-4.5.11.jar:/Users/anastasiya.ohal/.m2/repository/org/apache/httpcomponents/httpcore/4.4.13/httpcore-4.4.13.jar:/Users/anastasiya.ohal/.m2/repository/commons-logging/commons-logging/1.2/commons-logging-1.2.jar:/Users/anastasiya.ohal/.m2/repository/com/fasterxml/jackson/core/jackson-databind/2.9.4/jackson-databind-2.9.4.jar:/Users/anastasiya.ohal/.m2/repository/com/fasterxml/jackson/core/jackson-annotations/2.9.0/jackson-annotations-2.9.0.jar:/Users/anastasiya.ohal/.m2/repository/com/fasterxml/jackson/core/jackson-core/2.9.4/jackson-core-2.9.4.jar:"/>
    <property name="java.vm.vendor" value="Oracle Corporation"/>
    <property name="sun.arch.data.model" value="64"/>
    <property name="java.vendor.url" value="https://java.oracle.com/"/>
    <property name="os.name" value="Mac OS X"/>
    <property name="java.vm.specification.version" value="13"/>
    <property name="sun.java.launcher" value="SUN_STANDARD"/>
    <property name="user.country" value="US"/>
    <property name="sun.boot.library.path" value="/Library/Java/JavaVirtualMachines/jdk-13.0.1.jdk/Contents/Home/lib"/>
    <property name="sun.java.command" value="/Users/anastasiya.ohal/APIReqres.inProject/target/surefire/surefirebooter7061746068523481078.jar /Users/anastasiya.ohal/APIReqres.inProject/target/surefire 2020-03-23T15-27-20_237-jvmRun1 surefire15571997771819613124tmp surefire_012125006209262218702tmp"/>
    <property name="http.nonProxyHosts" value="local|*.local|169.254/16|*.169.254/16"/>
    <property name="jdk.debug" value="release"/>
    <property name="surefire.test.class.path" value="/Users/anastasiya.ohal/APIReqres.inProject/target/test-classes:/Users/anastasiya.ohal/APIReqres.inProject/target/classes:/Users/anastasiya.ohal/.m2/repository/org/seleniumhq/selenium/selenium-java/3.141.59/selenium-java-3.141.59.jar:/Users/anastasiya.ohal/.m2/repository/org/seleniumhq/selenium/selenium-api/3.141.59/selenium-api-3.141.59.jar:/Users/anastasiya.ohal/.m2/repository/org/seleniumhq/selenium/selenium-chrome-driver/3.141.59/selenium-chrome-driver-3.141.59.jar:/Users/anastasiya.ohal/.m2/repository/org/seleniumhq/selenium/selenium-edge-driver/3.141.59/selenium-edge-driver-3.141.59.jar:/Users/anastasiya.ohal/.m2/repository/org/seleniumhq/selenium/selenium-firefox-driver/3.141.59/selenium-firefox-driver-3.141.59.jar:/Users/anastasiya.ohal/.m2/repository/org/seleniumhq/selenium/selenium-ie-driver/3.141.59/selenium-ie-driver-3.141.59.jar:/Users/anastasiya.ohal/.m2/repository/org/seleniumhq/selenium/selenium-opera-driver/3.141.59/selenium-opera-driver-3.141.59.jar:/Users/anastasiya.ohal/.m2/repository/org/seleniumhq/selenium/selenium-remote-driver/3.141.59/selenium-remote-driver-3.141.59.jar:/Users/anastasiya.ohal/.m2/repository/org/seleniumhq/selenium/selenium-safari-driver/3.141.59/selenium-safari-driver-3.141.59.jar:/Users/anastasiya.ohal/.m2/repository/org/seleniumhq/selenium/selenium-support/3.141.59/selenium-support-3.141.59.jar:/Users/anastasiya.ohal/.m2/repository/net/bytebuddy/byte-buddy/1.8.15/byte-buddy-1.8.15.jar:/Users/anastasiya.ohal/.m2/repository/org/apache/commons/commons-exec/1.3/commons-exec-1.3.jar:/Users/anastasiya.ohal/.m2/repository/com/google/guava/guava/25.0-jre/guava-25.0-jre.jar:/Users/anastasiya.ohal/.m2/repository/com/google/code/findbugs/jsr305/1.3.9/jsr305-1.3.9.jar:/Users/anastasiya.ohal/.m2/repository/org/checkerframework/checker-compat-qual/2.0.0/checker-compat-qual-2.0.0.jar:/Users/anastasiya.ohal/.m2/repository/com/google/errorprone/error_prone_annotations/2.1.3/error_prone_annotations-2.1.3.jar:/Users/anastasiya.ohal/.m2/repository/com/google/j2objc/j2objc-annotations/1.1/j2objc-annotations-1.1.jar:/Users/anastasiya.ohal/.m2/repository/org/codehaus/mojo/animal-sniffer-annotations/1.14/animal-sniffer-annotations-1.14.jar:/Users/anastasiya.ohal/.m2/repository/com/squareup/okhttp3/okhttp/3.11.0/okhttp-3.11.0.jar:/Users/anastasiya.ohal/.m2/repository/com/squareup/okio/okio/1.14.0/okio-1.14.0.jar:/Users/anastasiya.ohal/.m2/repository/io/cucumber/cucumber-java/5.4.0/cucumber-java-5.4.0.jar:/Users/anastasiya.ohal/.m2/repository/io/cucumber/cucumber-core/5.4.0/cucumber-core-5.4.0.jar:/Users/anastasiya.ohal/.m2/repository/io/cucumber/cucumber-gherkin/5.4.0/cucumber-gherkin-5.4.0.jar:/Users/anastasiya.ohal/.m2/repository/io/cucumber/cucumber-gherkin-vintage/5.4.0/cucumber-gherkin-vintage-5.4.0.jar:/Users/anastasiya.ohal/.m2/repository/io/cucumber/tag-expressions/2.0.4/tag-expressions-2.0.4.jar:/Users/anastasiya.ohal/.m2/repository/io/cucumber/cucumber-expressions/8.3.1/cucumber-expressions-8.3.1.jar:/Users/anastasiya.ohal/.m2/repository/io/cucumber/datatable/3.3.0/datatable-3.3.0.jar:/Users/anastasiya.ohal/.m2/repository/io/cucumber/cucumber-plugin/5.4.0/cucumber-plugin-5.4.0.jar:/Users/anastasiya.ohal/.m2/repository/io/cucumber/docstring/5.4.0/docstring-5.4.0.jar:/Users/anastasiya.ohal/.m2/repository/org/apiguardian/apiguardian-api/1.1.0/apiguardian-api-1.1.0.jar:/Users/anastasiya.ohal/.m2/repository/io/cucumber/cucumber-junit/5.4.0/cucumber-junit-5.4.0.jar:/Users/anastasiya.ohal/.m2/repository/junit/junit/4.13/junit-4.13.jar:/Users/anastasiya.ohal/.m2/repository/org/hamcrest/hamcrest-core/1.3/hamcrest-core-1.3.jar:/Users/anastasiya.ohal/.m2/repository/io/github/bonigarcia/webdrivermanager/3.8.1/webdrivermanager-3.8.1.jar:/Users/anastasiya.ohal/.m2/repository/org/slf4j/slf4j-api/1.7.25/slf4j-api-1.7.25.jar:/Users/anastasiya.ohal/.m2/repository/commons-io/commons-io/2.6/commons-io-2.6.jar:/Users/anastasiya.ohal/.m2/repository/com/google/code/gson/gson/2.8.5/gson-2.8.5.jar:/Users/anastasiya.ohal/.m2/repository/org/apache/commons/commons-lang3/3.8.1/commons-lang3-3.8.1.jar:/Users/anastasiya.ohal/.m2/repository/org/rauschig/jarchivelib/1.0.0/jarchivelib-1.0.0.jar:/Users/anastasiya.ohal/.m2/repository/org/apache/commons/commons-compress/1.18/commons-compress-1.18.jar:/Users/anastasiya.ohal/.m2/repository/org/jsoup/jsoup/1.11.3/jsoup-1.11.3.jar:/Users/anastasiya.ohal/.m2/repository/org/apache/poi/poi/3.17/poi-3.17.jar:/Users/anastasiya.ohal/.m2/repository/commons-codec/commons-codec/1.10/commons-codec-1.10.jar:/Users/anastasiya.ohal/.m2/repository/org/apache/commons/commons-collections4/4.1/commons-collections4-4.1.jar:/Users/anastasiya.ohal/.m2/repository/org/apache/poi/poi-ooxml/3.17/poi-ooxml-3.17.jar:/Users/anastasiya.ohal/.m2/repository/org/apache/poi/poi-ooxml-schemas/3.17/poi-ooxml-schemas-3.17.jar:/Users/anastasiya.ohal/.m2/repository/org/apache/xmlbeans/xmlbeans/2.6.0/xmlbeans-2.6.0.jar:/Users/anastasiya.ohal/.m2/repository/stax/stax-api/1.0.1/stax-api-1.0.1.jar:/Users/anastasiya.ohal/.m2/repository/com/github/virtuald/curvesapi/1.04/curvesapi-1.04.jar:/Users/anastasiya.ohal/.m2/repository/org/apache/httpcomponents/httpclient/4.5.11/httpclient-4.5.11.jar:/Users/anastasiya.ohal/.m2/repository/org/apache/httpcomponents/httpcore/4.4.13/httpcore-4.4.13.jar:/Users/anastasiya.ohal/.m2/repository/commons-logging/commons-logging/1.2/commons-logging-1.2.jar:/Users/anastasiya.ohal/.m2/repository/com/fasterxml/jackson/core/jackson-databind/2.9.4/jackson-databind-2.9.4.jar:/Users/anastasiya.ohal/.m2/repository/com/fasterxml/jackson/core/jackson-annotations/2.9.0/jackson-annotations-2.9.0.jar:/Users/anastasiya.ohal/.m2/repository/com/fasterxml/jackson/core/jackson-core/2.9.4/jackson-core-2.9.4.jar:"/>
    <property name="sun.cpu.endian" value="little"/>
    <property name="user.home" value="/Users/anastasiya.ohal"/>
    <property name="user.language" value="en"/>
    <property name="java.specification.vendor" value="Oracle Corporation"/>
    <property name="java.version.date" value="2019-10-15"/>
    <property name="java.home" value="/Library/Java/JavaVirtualMachines/jdk-13.0.1.jdk/Contents/Home"/>
    <property name="file.separator" value="/"/>
    <property name="basedir" value="/Users/anastasiya.ohal/APIReqres.inProject"/>
    <property name="java.vm.compressedOopsMode" value="Zero based"/>
    <property name="line.separator" value="&#10;"/>
    <property name="java.specification.name" value="Java Platform API Specification"/>
    <property name="java.vm.specification.vendor" value="Oracle Corporation"/>
    <property name="surefire.real.class.path" value="/Users/anastasiya.ohal/APIReqres.inProject/target/surefire/surefirebooter7061746068523481078.jar"/>
    <property name="sun.management.compiler" value="HotSpot 64-Bit Tiered Compilers"/>
    <property name="ftp.nonProxyHosts" value="local|*.local|169.254/16|*.169.254/16"/>
    <property name="java.runtime.version" value="13.0.1+9"/>
    <property name="user.name" value="anastasiya.ohal"/>
    <property name="path.separator" value=":"/>
    <property name="os.version" value="10.15.3"/>
    <property name="java.runtime.name" value="Java(TM) SE Runtime Environment"/>
    <property name="file.encoding" value="UTF-8"/>
    <property name="java.vm.name" value="Java HotSpot(TM) 64-Bit Server VM"/>
    <property name="localRepository" value="/Users/anastasiya.ohal/.m2/repository"/>
    <property name="java.vendor.url.bug" value="https://bugreport.java.com/bugreport/"/>
    <property name="java.io.tmpdir" value="/var/folders/v6/70v7r3r57qj5g_2kc04rznhm0000gn/T/"/>
    <property name="java.version" value="13.0.1"/>
    <property name="user.dir" value="/Users/anastasiya.ohal/APIReqres.inProject"/>
    <property name="os.arch" value="x86_64"/>
    <property name="java.vm.specification.name" value="Java Virtual Machine Specification"/>
    <property name="java.library.path" value="/Users/anastasiya.ohal/Library/Java/Extensions:/Library/Java/Extensions:/Network/Library/Java/Extensions:/System/Library/Java/Extensions:/usr/lib/java:."/>
    <property name="java.vm.info" value="mixed mode, sharing"/>
    <property name="java.vendor" value="Oracle Corporation"/>
    <property name="java.vm.version" value="13.0.1+9"/>
    <property name="sun.io.unicode.encoding" value="UnicodeBig"/>
    <property name="socksNonProxyHosts" value="local|*.local|169.254/16|*.169.254/16"/>
    <property name="java.class.version" value="57.0"/>
  </properties>
  <testcase name="Get a List of Resources" classname="Verify List Resource API endpoint" time="0">
    <skipped message="The step &quot;I request List Resource with method get&quot; is undefined. You can implement it using the snippet(s) below:&#10;&#10;@When(&quot;I request List Resource with method get&quot;)&#10;public void i_request_List_Resource_with_method_get() {&#10;    // Write code here that turns the phrase above into concrete actions&#10;    throw new io.cucumber.java.PendingException();&#10;}&#10;&#10;Some other steps were also undefined:&#10;&#10;@Then(&quot;list resource status should be {int}&quot;)&#10;public void list_resource_status_should_be(Integer int1) {&#10;    // Write code here that turns the phrase above into concrete actions&#10;    throw new io.cucumber.java.PendingException();&#10;}&#10;@Then(&quot;List of Resources is displayed&quot;)&#10;public void list_of_Resources_is_displayed() {&#10;    // Write code here that turns the phrase above into concrete actions&#10;    throw new io.cucumber.java.PendingException();&#10;}&#10;"/>
    <system-err><![CDATA[Mar 23, 2020 3:27:20 PM io.cucumber.junit.Cucumber <init>
WARNING: By default Cucumber is running in --non-strict mode.
This default will change to --strict and --non-strict will be removed.
You can use --strict or @CucumberOptions(strict = true) to suppress this warning
]]></system-err>
  </testcase>
  <testcase name="Get a List of Users" classname="Verify List Users API endpoint" time="0">
    <skipped message="The step &quot;I request List User with method get&quot; is undefined. You can implement it using the snippet(s) below:&#10;&#10;@When(&quot;I request List User with method get&quot;)&#10;public void i_request_List_User_with_method_get() {&#10;    // Write code here that turns the phrase above into concrete actions&#10;    throw new io.cucumber.java.PendingException();&#10;}&#10;&#10;Some other steps were also undefined:&#10;&#10;@Then(&quot;list user status should be {int}&quot;)&#10;public void list_user_status_should_be(Integer int1) {&#10;    // Write code here that turns the phrase above into concrete actions&#10;    throw new io.cucumber.java.PendingException();&#10;}&#10;@Then(&quot;List of Users is displayed&quot;)&#10;public void list_of_Users_is_displayed() {&#10;    // Write code here that turns the phrase above into concrete actions&#10;    throw new io.cucumber.java.PendingException();&#10;}&#10;"/>
  </testcase>
  <testcase name="Get a Single Resource" classname="Verify Single Resource API endpoint" time="0">
    <skipped message="The step &quot;I request Single Resource with method get&quot; is undefined. You can implement it using the snippet(s) below:&#10;&#10;@When(&quot;I request Single Resource with method get&quot;)&#10;public void i_request_Single_Resource_with_method_get() {&#10;    // Write code here that turns the phrase above into concrete actions&#10;    throw new io.cucumber.java.PendingException();&#10;}&#10;&#10;Some other steps were also undefined:&#10;&#10;@Then(&quot;single resource status should be {int}&quot;)&#10;public void single_resource_status_should_be(Integer int1) {&#10;    // Write code here that turns the phrase above into concrete actions&#10;    throw new io.cucumber.java.PendingException();&#10;}&#10;@Then(&quot;Single Resource is displayed&quot;)&#10;public void single_Resource_is_displayed() {&#10;    // Write code here that turns the phrase above into concrete actions&#10;    throw new io.cucumber.java.PendingException();&#10;}&#10;"/>
  </testcase>
  <testcase name="Get a Single Resource Not Found" classname="Verify Single Resource Not Found API endpoint" time="0">
    <skipped message="The step &quot;I request Single Resource Not Found with method get&quot; is undefined. You can implement it using the snippet(s) below:&#10;&#10;@When(&quot;I request Single Resource Not Found with method get&quot;)&#10;public void i_request_Single_Resource_Not_Found_with_method_get() {&#10;    // Write code here that turns the phrase above into concrete actions&#10;    throw new io.cucumber.java.PendingException();&#10;}&#10;&#10;Some other steps were also undefined:&#10;&#10;@Then(&quot;resource status should be {int}&quot;)&#10;public void resource_status_should_be(Integer int1) {&#10;    // Write code here that turns the phrase above into concrete actions&#10;    throw new io.cucumber.java.PendingException();&#10;}&#10;@Then(&quot;resource body is empty&quot;)&#10;public void resource_body_is_empty() {&#10;    // Write code here that turns the phrase above into concrete actions&#10;    throw new io.cucumber.java.PendingException();&#10;}&#10;"/>
  </testcase>
  <testcase name="Get a Single User" classname="Verify Single User API endpoint" time="0">
    <skipped message="The step &quot;I request Single User with method get&quot; is undefined. You can implement it using the snippet(s) below:&#10;&#10;@When(&quot;I request Single User with method get&quot;)&#10;public void i_request_Single_User_with_method_get() {&#10;    // Write code here that turns the phrase above into concrete actions&#10;    throw new io.cucumber.java.PendingException();&#10;}&#10;&#10;Some other steps were also undefined:&#10;&#10;@Then(&quot;single user status should be {int}&quot;)&#10;public void single_user_status_should_be(Integer int1) {&#10;    // Write code here that turns the phrase above into concrete actions&#10;    throw new io.cucumber.java.PendingException();&#10;}&#10;@Then(&quot;Single User is displayed&quot;)&#10;public void single_User_is_displayed() {&#10;    // Write code here that turns the phrase above into concrete actions&#10;    throw new io.cucumber.java.PendingException();&#10;}&#10;"/>
  </testcase>
  <testcase name="Get a Single User Not Found" classname="Verify Single User Not Found API endpoint" time="0">
    <skipped message="The step &quot;I request Single User Not Found with method get&quot; is undefined. You can implement it using the snippet(s) below:&#10;&#10;@When(&quot;I request Single User Not Found with method get&quot;)&#10;public void i_request_Single_User_Not_Found_with_method_get() {&#10;    // Write code here that turns the phrase above into concrete actions&#10;    throw new io.cucumber.java.PendingException();&#10;}&#10;&#10;Some other steps were also undefined:&#10;&#10;@Then(&quot;list user not found status should be {int}&quot;)&#10;public void list_user_not_found_status_should_be(Integer int1) {&#10;    // Write code here that turns the phrase above into concrete actions&#10;    throw new io.cucumber.java.PendingException();&#10;}&#10;@Then(&quot;list user body is empty&quot;)&#10;public void list_user_body_is_empty() {&#10;    // Write code here that turns the phrase above into concrete actions&#10;    throw new io.cucumber.java.PendingException();&#10;}&#10;"/>
  </testcase>
</testsuite>